<?xml version="1.0" encoding="UTF-8"?>
<!-- Generated by org.testng.reporters.JUnitReportReporter -->
<testsuite skipped="0" hostname="evansm-hp-pavilion-15-notebook-pc" name="com.evens.net.DBTest" tests="1" failures="0" timestamp="2019-10-11T09:18:15 EAT" time="0.624" errors="0">
  <testcase name="testPostgresql" time="0.624" classname="com.evens.net.DBTest"/>
</testsuite> <!-- com.evens.net.DBTest -->
