<?xml version="1.0" encoding="UTF-8"?>
<!-- Generated by org.testng.reporters.JUnitReportReporter -->
<testsuite skipped="0" hostname="evansm-hp-pavilion-15-notebook-pc" name="com.evens.net.MoviesTest" tests="5" failures="0" timestamp="2019-09-09T15:11:08 EAT" time="37.025" errors="0">
  <testcase name="testInsertGenres" time="10.561" classname="com.evens.net.MoviesTest"/>
  <testcase name="testCreateTables" time="2.731" classname="com.evens.net.MoviesTest"/>
  <testcase name="testUrl" time="4.533" classname="com.evens.net.MoviesTest"/>
  <testcase name="testInsertMoviesGenres" time="7.695" classname="com.evens.net.MoviesTest"/>
  <testcase name="testInsertMovies" time="11.505" classname="com.evens.net.MoviesTest"/>
</testsuite> <!-- com.evens.net.MoviesTest -->
