<?xml version="1.0" encoding="UTF-8"?>
<!-- Generated by org.testng.reporters.JUnitReportReporter -->
<testsuite skipped="0" hostname="evansm-hp-pavilion-15-notebook-pc" name="com.evens.net.MoviesTest" tests="3" failures="0" timestamp="2019-09-05T11:59:33 EAT" time="5.396" errors="0">
  <testcase name="testUrl" time="2.326" classname="com.evens.net.MoviesTest"/>
  <testcase name="testCreateTables" time="0.678" classname="com.evens.net.MoviesTest"/>
  <testcase name="testInsert" time="2.392" classname="com.evens.net.MoviesTest"/>
</testsuite> <!-- com.evens.net.MoviesTest -->
