<?xml version="1.0" encoding="UTF-8"?>
<!-- Generated by org.testng.reporters.JUnitReportReporter -->
<testsuite skipped="0" hostname="evansm-hp-pavilion-15-notebook-pc" name="com.evens.net.MoviesTest" tests="6" failures="0" timestamp="2019-09-09T11:46:55 EAT" time="53.235" errors="0">
  <testcase name="testCountGenre" time="0.042" classname="com.evens.net.MoviesTest"/>
  <testcase name="testCreateTables" time="0.978" classname="com.evens.net.MoviesTest"/>
  <testcase name="testUrl" time="6.401" classname="com.evens.net.MoviesTest"/>
  <testcase name="testInsertMovies" time="19.007" classname="com.evens.net.MoviesTest"/>
  <testcase name="testInsertMoviesGenres" time="10.864" classname="com.evens.net.MoviesTest"/>
  <testcase name="testInsertGenres" time="15.943" classname="com.evens.net.MoviesTest"/>
</testsuite> <!-- com.evens.net.MoviesTest -->
