<?xml version="1.0" encoding="UTF-8"?>
<!-- Generated by org.testng.reporters.JUnitReportReporter -->
<testsuite skipped="0" hostname="evansm-hp-pavilion-15-notebook-pc" name="com.evens.net.DBTest" tests="1" failures="0" timestamp="2019-09-05T11:59:33 EAT" time="0.036" errors="0">
  <testcase name="testPostgresql" time="0.036" classname="com.evens.net.DBTest"/>
</testsuite> <!-- com.evens.net.DBTest -->
