<?xml version="1.0" encoding="UTF-8"?>
<!-- Generated by org.testng.reporters.JUnitReportReporter -->
<testsuite skipped="0" hostname="evansm-hp-pavilion-15-notebook-pc" name="com.evens.net.DBTest" tests="1" failures="0" timestamp="2019-09-09T11:46:55 EAT" time="0.025" errors="0">
  <testcase name="testPostgresql" time="0.025" classname="com.evens.net.DBTest"/>
</testsuite> <!-- com.evens.net.DBTest -->
